[debug] [2020-07-21T00:03:41.927Z] ----------------------------------------------------------------------
[debug] [2020-07-21T00:03:41.928Z] Command:       /usr/local/bin/firebase /Users/Surya/.cache/firebase/tools/lib/node_modules/firebase-tools/lib/bin/firebase serve
[debug] [2020-07-21T00:03:41.928Z] CLI Version:   8.4.3
[debug] [2020-07-21T00:03:41.929Z] Platform:      darwin
[debug] [2020-07-21T00:03:41.929Z] Node Version:  v12.16.1
[debug] [2020-07-21T00:03:41.929Z] Time:          Mon Jul 20 2020 17:03:41 GMT-0700 (Pacific Daylight Time)
[debug] [2020-07-21T00:03:41.930Z] ----------------------------------------------------------------------
[debug] [2020-07-21T00:03:41.930Z] 
[debug] [2020-07-21T00:03:41.935Z] > command requires scopes: ["email","openid","https://www.googleapis.com/auth/cloudplatformprojects.readonly","https://www.googleapis.com/auth/firebase","https://www.googleapis.com/auth/cloud-platform"]
[debug] [2020-07-21T00:03:41.936Z] > authorizing via signed-in user
[debug] [2020-07-21T00:03:41.936Z] [iam] checking project treehouse-115 for permissions ["firebase.projects.get"]
[debug] [2020-07-21T00:03:41.938Z] >>> HTTP REQUEST POST https://cloudresourcemanager.googleapis.com/v1/projects/treehouse-115:testIamPermissions  
 {"permissions":["firebase.projects.get"]}
[debug] [2020-07-21T00:03:42.196Z] <<< HTTP RESPONSE 200 {"content-type":"application/json; charset=UTF-8","vary":"X-Origin, Referer, Origin,Accept-Encoding","date":"Tue, 21 Jul 2020 00:03:42 GMT","server":"ESF","cache-control":"private","x-xss-protection":"0","x-frame-options":"SAMEORIGIN","x-content-type-options":"nosniff","server-timing":"gfet4t7; dur=157","alt-svc":"h3-29=\":443\"; ma=2592000,h3-27=\":443\"; ma=2592000,h3-25=\":443\"; ma=2592000,h3-T050=\":443\"; ma=2592000,h3-Q050=\":443\"; ma=2592000,h3-Q046=\":443\"; ma=2592000,h3-Q043=\":443\"; ma=2592000,quic=\":443\"; ma=2592000; v=\"46,43\"","accept-ranges":"none","transfer-encoding":"chunked"}
[debug] [2020-07-21T00:03:42.197Z] >>> HTTP REQUEST GET https://firebase.googleapis.com/v1beta1/projects/treehouse-115  
 
[debug] [2020-07-21T00:03:42.383Z] <<< HTTP RESPONSE 200 {"content-type":"application/json; charset=UTF-8","vary":"X-Origin, Referer, Origin,Accept-Encoding","date":"Tue, 21 Jul 2020 00:03:42 GMT","server":"ESF","cache-control":"private","x-xss-protection":"0","x-frame-options":"SAMEORIGIN","x-content-type-options":"nosniff","alt-svc":"h3-29=\":443\"; ma=2592000,h3-27=\":443\"; ma=2592000,h3-25=\":443\"; ma=2592000,h3-T050=\":443\"; ma=2592000,h3-Q050=\":443\"; ma=2592000,h3-Q046=\":443\"; ma=2592000,h3-Q043=\":443\"; ma=2592000,quic=\":443\"; ma=2592000; v=\"46,43\"","accept-ranges":"none","transfer-encoding":"chunked"}
[info] 
[info] === Serving from '/Users/Surya/Desktop/Final Login'...
[info] 
[debug] [2020-07-21T00:03:42.385Z] >>> HTTP REQUEST GET https://firebase.googleapis.com/v1beta1/projects/treehouse-115/webApps/-/config  
 
[debug] [2020-07-21T00:03:42.698Z] <<< HTTP RESPONSE 200 {"content-type":"application/json; charset=UTF-8","vary":"X-Origin, Referer, Origin,Accept-Encoding","date":"Tue, 21 Jul 2020 00:03:42 GMT","server":"ESF","cache-control":"private","x-xss-protection":"0","x-frame-options":"SAMEORIGIN","x-content-type-options":"nosniff","alt-svc":"h3-29=\":443\"; ma=2592000,h3-27=\":443\"; ma=2592000,h3-25=\":443\"; ma=2592000,h3-T050=\":443\"; ma=2592000,h3-Q050=\":443\"; ma=2592000,h3-Q046=\":443\"; ma=2592000,h3-Q043=\":443\"; ma=2592000,quic=\":443\"; ma=2592000; v=\"46,43\"","accept-ranges":"none","transfer-encoding":"chunked"}
[info] i  hosting: Serving hosting files from: public {"metadata":{"emulator":{"name":"hosting"},"message":"Serving hosting files from: \u001b[1mpublic\u001b[22m"}}
[info] ✔  hosting: Local server: http://localhost:5000 {"metadata":{"emulator":{"name":"hosting"},"message":"Local server: \u001b[4m\u001b[1mhttp://localhost:5000\u001b[22m\u001b[24m"}}
